<?xml version="1.0" encoding="UTF-8"?>
<coverage generated="1708450669670" clover="3.2.0">
  <project timestamp="1708450669670" name="All files">
    <metrics statements="121" coveredstatements="105" conditionals="65" coveredconditionals="54" methods="62" coveredmethods="50" elements="248" coveredelements="209" complexity="0" loc="121" ncloc="121" packages="5" files="19" classes="19"/>
    <package name="components">
      <metrics statements="23" coveredstatements="22" conditionals="6" coveredconditionals="5" methods="12" coveredmethods="12"/>
      <file name="Application.js" path="/home/labber/scheduler/src/components/Application.js">
        <metrics statements="5" coveredstatements="5" conditionals="0" coveredconditionals="0" methods="2" coveredmethods="2"/>
        <line num="22" count="9" type="stmt"/>
        <line num="24" count="9" type="stmt"/>
        <line num="26" count="9" type="stmt"/>
        <line num="28" count="12" type="stmt"/>
        <line num="41" count="9" type="stmt"/>
      </file>
      <file name="Button.js" path="/home/labber/scheduler/src/components/Button.js">
        <metrics statements="2" coveredstatements="2" conditionals="0" coveredconditionals="0" methods="1" coveredmethods="1"/>
        <line num="8" count="47" type="stmt"/>
        <line num="13" count="47" type="stmt"/>
      </file>
      <file name="DayList.js" path="/home/labber/scheduler/src/components/DayList.js">
        <metrics statements="3" coveredstatements="3" conditionals="0" coveredconditionals="0" methods="2" coveredmethods="2"/>
        <line num="6" count="9" type="stmt"/>
        <line num="7" count="12" type="stmt"/>
        <line num="18" count="9" type="stmt"/>
      </file>
      <file name="DayListItem.js" path="/home/labber/scheduler/src/components/DayListItem.js">
        <metrics statements="6" coveredstatements="5" conditionals="4" coveredconditionals="3" methods="3" coveredmethods="3"/>
        <line num="7" count="12" type="cond" truecount="2" falsecount="0"/>
        <line num="8" count="11" type="cond" truecount="1" falsecount="1"/>
        <line num="10" count="0" type="stmt"/>
        <line num="14" count="12" type="stmt"/>
        <line num="19" count="12" type="stmt"/>
        <line num="22" count="2" type="stmt"/>
      </file>
      <file name="InterviewerList.js" path="/home/labber/scheduler/src/components/InterviewerList.js">
        <metrics statements="5" coveredstatements="5" conditionals="0" coveredconditionals="0" methods="3" coveredmethods="3"/>
        <line num="8" count="20" type="stmt"/>
        <line num="9" count="23" type="stmt"/>
        <line num="16" count="1" type="stmt"/>
        <line num="21" count="20" type="stmt"/>
        <line num="29" count="3" type="stmt"/>
      </file>
      <file name="InterviewerListItem.js" path="/home/labber/scheduler/src/components/InterviewerListItem.js">
        <metrics statements="2" coveredstatements="2" conditionals="2" coveredconditionals="2" methods="1" coveredmethods="1"/>
        <line num="8" count="23" type="stmt"/>
        <line num="12" count="23" type="stmt"/>
      </file>
    </package>
    <package name="components.Appointment">
      <metrics statements="48" coveredstatements="38" conditionals="30" coveredconditionals="25" methods="22" coveredmethods="13"/>
      <file name="Confirm.js" path="/home/labber/scheduler/src/components/Appointment/Confirm.js">
        <metrics statements="1" coveredstatements="0" conditionals="0" coveredconditionals="0" methods="1" coveredmethods="0"/>
        <line num="6" count="0" type="stmt"/>
      </file>
      <file name="Empty.js" path="/home/labber/scheduler/src/components/Appointment/Empty.js">
        <metrics statements="1" coveredstatements="1" conditionals="0" coveredconditionals="0" methods="1" coveredmethods="1"/>
        <line num="4" count="15" type="stmt"/>
      </file>
      <file name="Error.js" path="/home/labber/scheduler/src/components/Appointment/Error.js">
        <metrics statements="1" coveredstatements="0" conditionals="0" coveredconditionals="0" methods="1" coveredmethods="0"/>
        <line num="4" count="0" type="stmt"/>
      </file>
      <file name="Form.js" path="/home/labber/scheduler/src/components/Appointment/Form.js">
        <metrics statements="19" coveredstatements="18" conditionals="8" coveredconditionals="8" methods="6" coveredmethods="5"/>
        <line num="6" count="21" type="cond" truecount="2" falsecount="0"/>
        <line num="7" count="21" type="cond" truecount="2" falsecount="0"/>
        <line num="8" count="21" type="stmt"/>
        <line num="11" count="1" type="stmt"/>
        <line num="12" count="1" type="stmt"/>
        <line num="13" count="1" type="stmt"/>
        <line num="17" count="1" type="stmt"/>
        <line num="18" count="1" type="stmt"/>
        <line num="24" count="8" type="cond" truecount="2" falsecount="0"/>
        <line num="25" count="2" type="stmt"/>
        <line num="26" count="2" type="stmt"/>
        <line num="28" count="6" type="cond" truecount="2" falsecount="0"/>
        <line num="29" count="2" type="stmt"/>
        <line num="30" count="2" type="stmt"/>
        <line num="32" count="4" type="stmt"/>
        <line num="33" count="4" type="stmt"/>
        <line num="37" count="21" type="stmt"/>
        <line num="40" count="0" type="stmt"/>
        <line num="48" count="4" type="stmt"/>
      </file>
      <file name="Header.js" path="/home/labber/scheduler/src/components/Appointment/Header.js">
        <metrics statements="1" coveredstatements="1" conditionals="0" coveredconditionals="0" methods="1" coveredmethods="1"/>
        <line num="4" count="25" type="stmt"/>
      </file>
      <file name="Show.js" path="/home/labber/scheduler/src/components/Appointment/Show.js">
        <metrics statements="1" coveredstatements="1" conditionals="2" coveredconditionals="2" methods="1" coveredmethods="1"/>
        <line num="4" count="7" type="stmt"/>
      </file>
      <file name="Status.js" path="/home/labber/scheduler/src/components/Appointment/Status.js">
        <metrics statements="1" coveredstatements="1" conditionals="0" coveredconditionals="0" methods="1" coveredmethods="1"/>
        <line num="4" count="2" type="stmt"/>
      </file>
      <file name="index.js" path="/home/labber/scheduler/src/components/Appointment/index.js">
        <metrics statements="23" coveredstatements="16" conditionals="20" coveredconditionals="15" methods="10" coveredmethods="4"/>
        <line num="14" count="2" type="stmt"/>
        <line num="15" count="2" type="stmt"/>
        <line num="16" count="2" type="stmt"/>
        <line num="17" count="2" type="stmt"/>
        <line num="18" count="2" type="stmt"/>
        <line num="19" count="2" type="stmt"/>
        <line num="20" count="2" type="stmt"/>
        <line num="21" count="2" type="stmt"/>
        <line num="22" count="2" type="stmt"/>
        <line num="27" count="25" type="stmt"/>
        <line num="32" count="1" type="stmt"/>
        <line num="37" count="1" type="stmt"/>
        <line num="39" count="1" type="stmt"/>
        <line num="41" count="1" type="stmt"/>
        <line num="42" count="0" type="stmt"/>
        <line num="46" count="0" type="stmt"/>
        <line num="47" count="0" type="stmt"/>
        <line num="49" count="0" type="stmt"/>
        <line num="50" count="0" type="stmt"/>
        <line num="53" count="25" type="stmt"/>
        <line num="56" count="1" type="cond" truecount="2" falsecount="0"/>
        <line num="61" count="0" type="stmt"/>
        <line num="62" count="0" type="stmt"/>
      </file>
    </package>
    <package name="helpers">
      <metrics statements="7" coveredstatements="7" conditionals="10" coveredconditionals="10" methods="7" coveredmethods="7"/>
      <file name="selectors.js" path="/home/labber/scheduler/src/helpers/selectors.js">
        <metrics statements="7" coveredstatements="7" conditionals="10" coveredconditionals="10" methods="7" coveredmethods="7"/>
        <line num="2" count="14" type="stmt"/>
        <line num="4" count="14" type="cond" truecount="4" falsecount="0"/>
        <line num="6" count="20" type="stmt"/>
        <line num="10" count="14" type="stmt"/>
        <line num="12" count="14" type="cond" truecount="4" falsecount="0"/>
        <line num="14" count="18" type="stmt"/>
        <line num="18" count="14" type="stmt"/>
      </file>
    </package>
    <package name="hooks">
      <metrics statements="28" coveredstatements="23" conditionals="9" coveredconditionals="5" methods="17" coveredmethods="14"/>
      <file name="useApplicationData.js" path="/home/labber/scheduler/src/hooks/useApplicationData.js">
        <metrics statements="11" coveredstatements="9" conditionals="0" coveredconditionals="0" methods="8" coveredmethods="6"/>
        <line num="14" count="9" type="stmt"/>
        <line num="21" count="9" type="stmt"/>
        <line num="23" count="9" type="stmt"/>
        <line num="24" count="3" type="stmt"/>
        <line num="30" count="3" type="stmt"/>
        <line num="39" count="9" type="stmt"/>
        <line num="42" count="1" type="stmt"/>
        <line num="43" count="1" type="stmt"/>
        <line num="52" count="0" type="stmt"/>
        <line num="53" count="0" type="stmt"/>
        <line num="61" count="9" type="stmt"/>
      </file>
      <file name="useRealtimeUpdate.js" path="/home/labber/scheduler/src/hooks/useRealtimeUpdate.js">
        <metrics statements="8" coveredstatements="5" conditionals="4" coveredconditionals="0" methods="4" coveredmethods="3"/>
        <line num="5" count="9" type="stmt"/>
        <line num="6" count="3" type="stmt"/>
        <line num="8" count="3" type="stmt"/>
        <line num="9" count="0" type="stmt"/>
        <line num="11" count="0" type="cond" truecount="0" falsecount="4"/>
        <line num="12" count="0" type="stmt"/>
        <line num="16" count="3" type="stmt"/>
        <line num="17" count="3" type="stmt"/>
      </file>
      <file name="useVisualMode.js" path="/home/labber/scheduler/src/hooks/useVisualMode.js">
        <metrics statements="9" coveredstatements="9" conditionals="5" coveredconditionals="5" methods="5" coveredmethods="5"/>
        <line num="6" count="38" type="stmt"/>
        <line num="10" count="8" type="stmt"/>
        <line num="11" count="8" type="cond" truecount="2" falsecount="0"/>
        <line num="12" count="1" type="stmt"/>
        <line num="14" count="7" type="stmt"/>
        <line num="26" count="38" type="stmt"/>
        <line num="27" count="4" type="stmt"/>
        <line num="28" count="4" type="cond" truecount="2" falsecount="0"/>
        <line num="31" count="38" type="stmt"/>
      </file>
    </package>
    <package name="reducers">
      <metrics statements="15" coveredstatements="15" conditionals="10" coveredconditionals="9" methods="4" coveredmethods="4"/>
      <file name="application.js" path="/home/labber/scheduler/src/reducers/application.js">
        <metrics statements="15" coveredstatements="15" conditionals="10" coveredconditionals="9" methods="4" coveredmethods="4"/>
        <line num="1" count="2" type="stmt"/>
        <line num="2" count="2" type="stmt"/>
        <line num="3" count="2" type="stmt"/>
        <line num="6" count="7" type="cond" truecount="4" falsecount="0"/>
        <line num="8" count="2" type="stmt"/>
        <line num="10" count="3" type="stmt"/>
        <line num="17" count="1" type="stmt"/>
        <line num="22" count="1" type="stmt"/>
        <line num="27" count="1" type="stmt"/>
        <line num="28" count="1" type="stmt"/>
        <line num="30" count="2" type="cond" truecount="1" falsecount="1"/>
        <line num="34" count="1" type="stmt"/>
        <line num="35" count="2" type="cond" truecount="2" falsecount="0"/>
        <line num="43" count="1" type="stmt"/>
        <line num="50" count="1" type="stmt"/>
      </file>
    </package>
  </project>
</coverage>
