{"/home/labber/scheduler/src/components/Application.js": {"path":"/home/labber/scheduler/src/components/Application.js","statementMap":{"0":{"start":{"line":22,"column":6},"end":{"line":22,"column":26}},"1":{"start":{"line":24,"column":23},"end":{"line":24,"column":62}},"2":{"start":{"line":26,"column":23},"end":{"line":39,"column":3}},"3":{"start":{"line":28,"column":6},"end":{"line":37,"column":8}},"4":{"start":{"line":41,"column":2},"end":{"line":64,"column":4}}},"fnMap":{"0":{"name":"Application","decl":{"start":{"line":16,"column":24},"end":{"line":16,"column":35}},"loc":{"start":{"line":16,"column":43},"end":{"line":65,"column":1}},"line":16},"1":{"name":"(anonymous_1)","decl":{"start":{"line":27,"column":4},"end":{"line":27,"column":5}},"loc":{"start":{"line":27,"column":19},"end":{"line":38,"column":5}},"line":27}},"branchMap":{},"s":{"0":9,"1":9,"2":9,"3":12,"4":9},"f":{"0":9,"1":12},"b":{},"_coverageSchema":"43e27e138ebf9cfc5966b082cf9a028302ed4184","hash":"b1c11804bc5468fc26a41ee9890e956c655636cf"}
,"/home/labber/scheduler/src/components/Button.js": {"path":"/home/labber/scheduler/src/components/Button.js","statementMap":{"0":{"start":{"line":8,"column":22},"end":{"line":11,"column":4}},"1":{"start":{"line":13,"column":2},"end":{"line":21,"column":4}}},"fnMap":{"0":{"name":"Button","decl":{"start":{"line":7,"column":24},"end":{"line":7,"column":30}},"loc":{"start":{"line":7,"column":38},"end":{"line":22,"column":1}},"line":7}},"branchMap":{},"s":{"0":47,"1":47},"f":{"0":47},"b":{},"_coverageSchema":"43e27e138ebf9cfc5966b082cf9a028302ed4184","hash":"2b86253bde216d6fd2a5345ec5f3b9a04eb88b6d"}
,"/home/labber/scheduler/src/components/DayList.js": {"path":"/home/labber/scheduler/src/components/DayList.js","statementMap":{"0":{"start":{"line":6,"column":15},"end":{"line":16,"column":4}},"1":{"start":{"line":7,"column":4},"end":{"line":15,"column":6}},"2":{"start":{"line":18,"column":2},"end":{"line":18,"column":25}}},"fnMap":{"0":{"name":"DayList","decl":{"start":{"line":5,"column":24},"end":{"line":5,"column":31}},"loc":{"start":{"line":5,"column":39},"end":{"line":19,"column":1}},"line":5},"1":{"name":"(anonymous_1)","decl":{"start":{"line":6,"column":30},"end":{"line":6,"column":31}},"loc":{"start":{"line":6,"column":37},"end":{"line":16,"column":3}},"line":6}},"branchMap":{},"s":{"0":9,"1":12,"2":9},"f":{"0":9,"1":12},"b":{},"_coverageSchema":"43e27e138ebf9cfc5966b082cf9a028302ed4184","hash":"3069be11dbc00f6c87679cdb8f3840f0fdbbf6dc"}
,"/home/labber/scheduler/src/components/DayListItem.js": {"path":"/home/labber/scheduler/src/components/DayListItem.js","statementMap":{"0":{"start":{"line":7,"column":2},"end":{"line":7,"column":48}},"1":{"start":{"line":7,"column":20},"end":{"line":7,"column":48}},"2":{"start":{"line":8,"column":2},"end":{"line":8,"column":46}},"3":{"start":{"line":8,"column":20},"end":{"line":8,"column":46}},"4":{"start":{"line":10,"column":2},"end":{"line":10,"column":37}},"5":{"start":{"line":14,"column":19},"end":{"line":17,"column":4}},"6":{"start":{"line":19,"column":2},"end":{"line":28,"column":4}},"7":{"start":{"line":22,"column":21},"end":{"line":22,"column":45}}},"fnMap":{"0":{"name":"formatSpots","decl":{"start":{"line":6,"column":16},"end":{"line":6,"column":27}},"loc":{"start":{"line":6,"column":36},"end":{"line":11,"column":1}},"line":6},"1":{"name":"DayListItem","decl":{"start":{"line":13,"column":24},"end":{"line":13,"column":35}},"loc":{"start":{"line":13,"column":43},"end":{"line":29,"column":1}},"line":13},"2":{"name":"(anonymous_2)","decl":{"start":{"line":22,"column":15},"end":{"line":22,"column":16}},"loc":{"start":{"line":22,"column":21},"end":{"line":22,"column":45}},"line":22}},"branchMap":{"0":{"loc":{"start":{"line":7,"column":2},"end":{"line":7,"column":48}},"type":"if","locations":[{"start":{"line":7,"column":2},"end":{"line":7,"column":48}},{"start":{"line":7,"column":2},"end":{"line":7,"column":48}}],"line":7},"1":{"loc":{"start":{"line":8,"column":2},"end":{"line":8,"column":46}},"type":"if","locations":[{"start":{"line":8,"column":2},"end":{"line":8,"column":46}},{"start":{"line":8,"column":2},"end":{"line":8,"column":46}}],"line":8}},"s":{"0":12,"1":1,"2":11,"3":11,"4":0,"5":12,"6":12,"7":2},"f":{"0":12,"1":12,"2":2},"b":{"0":[1,11],"1":[11,0]},"_coverageSchema":"43e27e138ebf9cfc5966b082cf9a028302ed4184","hash":"ab4ac3a99b9623e73c8bdef7d7a53c2a4767822f"}
,"/home/labber/scheduler/src/components/InterviewerList.js": {"path":"/home/labber/scheduler/src/components/InterviewerList.js","statementMap":{"0":{"start":{"line":8,"column":23},"end":{"line":19,"column":4}},"1":{"start":{"line":9,"column":4},"end":{"line":18,"column":6}},"2":{"start":{"line":16,"column":33},"end":{"line":16,"column":63}},"3":{"start":{"line":21,"column":2},"end":{"line":26,"column":4}},"4":{"start":{"line":29,"column":0},"end":{"line":33,"column":2}}},"fnMap":{"0":{"name":"InterviewerList","decl":{"start":{"line":7,"column":9},"end":{"line":7,"column":24}},"loc":{"start":{"line":7,"column":32},"end":{"line":27,"column":1}},"line":7},"1":{"name":"(anonymous_1)","decl":{"start":{"line":8,"column":46},"end":{"line":8,"column":47}},"loc":{"start":{"line":8,"column":61},"end":{"line":19,"column":3}},"line":8},"2":{"name":"(anonymous_2)","decl":{"start":{"line":16,"column":24},"end":{"line":16,"column":25}},"loc":{"start":{"line":16,"column":33},"end":{"line":16,"column":63}},"line":16}},"branchMap":{},"s":{"0":20,"1":23,"2":1,"3":20,"4":3},"f":{"0":20,"1":23,"2":1},"b":{},"_coverageSchema":"43e27e138ebf9cfc5966b082cf9a028302ed4184","hash":"a3f834ba7038b67704086776709c60a487d8008d"}
,"/home/labber/scheduler/src/components/InterviewerListItem.js": {"path":"/home/labber/scheduler/src/components/InterviewerListItem.js","statementMap":{"0":{"start":{"line":8,"column":20},"end":{"line":10,"column":4}},"1":{"start":{"line":12,"column":2},"end":{"line":21,"column":4}}},"fnMap":{"0":{"name":"InterviewerItem","decl":{"start":{"line":7,"column":24},"end":{"line":7,"column":39}},"loc":{"start":{"line":7,"column":47},"end":{"line":22,"column":1}},"line":7}},"branchMap":{"0":{"loc":{"start":{"line":19,"column":7},"end":{"line":19,"column":35}},"type":"binary-expr","locations":[{"start":{"line":19,"column":7},"end":{"line":19,"column":21}},{"start":{"line":19,"column":25},"end":{"line":19,"column":35}}],"line":19}},"s":{"0":23,"1":23},"f":{"0":23},"b":{"0":[23,8]},"_coverageSchema":"43e27e138ebf9cfc5966b082cf9a028302ed4184","hash":"badf1b38e4b2d59b721aab8241e12ad73d74da2d"}
,"/home/labber/scheduler/src/components/Appointment/Confirm.js": {"path":"/home/labber/scheduler/src/components/Appointment/Confirm.js","statementMap":{"0":{"start":{"line":6,"column":2},"end":{"line":18,"column":4}}},"fnMap":{"0":{"name":"Confirm","decl":{"start":{"line":5,"column":24},"end":{"line":5,"column":31}},"loc":{"start":{"line":5,"column":39},"end":{"line":19,"column":1}},"line":5}},"branchMap":{},"s":{"0":0},"f":{"0":0},"b":{},"_coverageSchema":"43e27e138ebf9cfc5966b082cf9a028302ed4184","hash":"3d4961cc03249a9a90f9e960840f16ed34fee3fe"}
,"/home/labber/scheduler/src/components/Appointment/Empty.js": {"path":"/home/labber/scheduler/src/components/Appointment/Empty.js","statementMap":{"0":{"start":{"line":4,"column":2},"end":{"line":13,"column":4}}},"fnMap":{"0":{"name":"Empty","decl":{"start":{"line":3,"column":24},"end":{"line":3,"column":29}},"loc":{"start":{"line":3,"column":37},"end":{"line":14,"column":1}},"line":3}},"branchMap":{},"s":{"0":15},"f":{"0":15},"b":{},"_coverageSchema":"43e27e138ebf9cfc5966b082cf9a028302ed4184","hash":"5fb3cf3c652e2cba33cfbcf35aece901b3ec6628"}
,"/home/labber/scheduler/src/components/Appointment/Error.js": {"path":"/home/labber/scheduler/src/components/Appointment/Error.js","statementMap":{"0":{"start":{"line":4,"column":2},"end":{"line":17,"column":4}}},"fnMap":{"0":{"name":"Error","decl":{"start":{"line":3,"column":24},"end":{"line":3,"column":29}},"loc":{"start":{"line":3,"column":37},"end":{"line":18,"column":1}},"line":3}},"branchMap":{},"s":{"0":0},"f":{"0":0},"b":{},"_coverageSchema":"43e27e138ebf9cfc5966b082cf9a028302ed4184","hash":"269f1d972e3e1f83d09d3d3493dfa2e653855043"}
,"/home/labber/scheduler/src/components/Appointment/Form.js": {"path":"/home/labber/scheduler/src/components/Appointment/Form.js","statementMap":{"0":{"start":{"line":6,"column":26},"end":{"line":6,"column":52}},"1":{"start":{"line":7,"column":40},"end":{"line":7,"column":75}},"2":{"start":{"line":8,"column":28},"end":{"line":8,"column":40}},"3":{"start":{"line":11,"column":4},"end":{"line":11,"column":16}},"4":{"start":{"line":12,"column":4},"end":{"line":12,"column":17}},"5":{"start":{"line":13,"column":4},"end":{"line":13,"column":25}},"6":{"start":{"line":17,"column":4},"end":{"line":17,"column":12}},"7":{"start":{"line":18,"column":4},"end":{"line":18,"column":21}},"8":{"start":{"line":24,"column":4},"end":{"line":27,"column":5}},"9":{"start":{"line":25,"column":6},"end":{"line":25,"column":47}},"10":{"start":{"line":26,"column":6},"end":{"line":26,"column":13}},"11":{"start":{"line":28,"column":4},"end":{"line":31,"column":5}},"12":{"start":{"line":29,"column":6},"end":{"line":29,"column":47}},"13":{"start":{"line":30,"column":6},"end":{"line":30,"column":13}},"14":{"start":{"line":32,"column":4},"end":{"line":32,"column":17}},"15":{"start":{"line":33,"column":4},"end":{"line":33,"column":36}},"16":{"start":{"line":37,"column":2},"end":{"line":74,"column":4}},"17":{"start":{"line":40,"column":54},"end":{"line":40,"column":76}},"18":{"start":{"line":48,"column":14},"end":{"line":48,"column":42}}},"fnMap":{"0":{"name":"Form","decl":{"start":{"line":5,"column":24},"end":{"line":5,"column":28}},"loc":{"start":{"line":5,"column":36},"end":{"line":75,"column":1}},"line":5},"1":{"name":"reset","decl":{"start":{"line":10,"column":11},"end":{"line":10,"column":16}},"loc":{"start":{"line":10,"column":19},"end":{"line":14,"column":3}},"line":10},"2":{"name":"cancel","decl":{"start":{"line":16,"column":11},"end":{"line":16,"column":17}},"loc":{"start":{"line":16,"column":20},"end":{"line":19,"column":3}},"line":16},"3":{"name":"validate","decl":{"start":{"line":23,"column":11},"end":{"line":23,"column":19}},"loc":{"start":{"line":23,"column":22},"end":{"line":34,"column":3}},"line":23},"4":{"name":"(anonymous_4)","decl":{"start":{"line":40,"column":43},"end":{"line":40,"column":44}},"loc":{"start":{"line":40,"column":54},"end":{"line":40,"column":76}},"line":40},"5":{"name":"(anonymous_5)","decl":{"start":{"line":47,"column":22},"end":{"line":47,"column":23}},"loc":{"start":{"line":47,"column":33},"end":{"line":49,"column":13}},"line":47}},"branchMap":{"0":{"loc":{"start":{"line":6,"column":35},"end":{"line":6,"column":51}},"type":"binary-expr","locations":[{"start":{"line":6,"column":35},"end":{"line":6,"column":45}},{"start":{"line":6,"column":49},"end":{"line":6,"column":51}}],"line":6},"1":{"loc":{"start":{"line":7,"column":49},"end":{"line":7,"column":74}},"type":"binary-expr","locations":[{"start":{"line":7,"column":49},"end":{"line":7,"column":66}},{"start":{"line":7,"column":70},"end":{"line":7,"column":74}}],"line":7},"2":{"loc":{"start":{"line":24,"column":4},"end":{"line":27,"column":5}},"type":"if","locations":[{"start":{"line":24,"column":4},"end":{"line":27,"column":5}},{"start":{"line":24,"column":4},"end":{"line":27,"column":5}}],"line":24},"3":{"loc":{"start":{"line":28,"column":4},"end":{"line":31,"column":5}},"type":"if","locations":[{"start":{"line":28,"column":4},"end":{"line":31,"column":5}},{"start":{"line":28,"column":4},"end":{"line":31,"column":5}}],"line":28}},"s":{"0":21,"1":21,"2":21,"3":1,"4":1,"5":1,"6":1,"7":1,"8":8,"9":2,"10":2,"11":6,"12":2,"13":2,"14":4,"15":4,"16":21,"17":0,"18":4},"f":{"0":21,"1":1,"2":1,"3":8,"4":0,"5":4},"b":{"0":[21,13],"1":[21,13],"2":[2,6],"3":[2,4]},"_coverageSchema":"43e27e138ebf9cfc5966b082cf9a028302ed4184","hash":"439913e01839b346681683844aa52ea1d7258b0c"}
,"/home/labber/scheduler/src/components/Appointment/Header.js": {"path":"/home/labber/scheduler/src/components/Appointment/Header.js","statementMap":{"0":{"start":{"line":4,"column":2},"end":{"line":9,"column":4}}},"fnMap":{"0":{"name":"Header","decl":{"start":{"line":3,"column":24},"end":{"line":3,"column":30}},"loc":{"start":{"line":3,"column":38},"end":{"line":10,"column":1}},"line":3}},"branchMap":{},"s":{"0":25},"f":{"0":25},"b":{},"_coverageSchema":"43e27e138ebf9cfc5966b082cf9a028302ed4184","hash":"bb005d45f3e2f315c109b90ad05a5aee47415894"}
,"/home/labber/scheduler/src/components/Appointment/Show.js": {"path":"/home/labber/scheduler/src/components/Appointment/Show.js","statementMap":{"0":{"start":{"line":4,"column":2},"end":{"line":32,"column":4}}},"fnMap":{"0":{"name":"Show","decl":{"start":{"line":3,"column":24},"end":{"line":3,"column":28}},"loc":{"start":{"line":3,"column":36},"end":{"line":33,"column":1}},"line":3}},"branchMap":{"0":{"loc":{"start":{"line":11,"column":13},"end":{"line":11,"column":56}},"type":"binary-expr","locations":[{"start":{"line":11,"column":13},"end":{"line":11,"column":30}},{"start":{"line":11,"column":34},"end":{"line":11,"column":56}}],"line":11}},"s":{"0":7},"f":{"0":7},"b":{"0":[7,7]},"_coverageSchema":"43e27e138ebf9cfc5966b082cf9a028302ed4184","hash":"96f902c006c9d840247d1421f4c440ec27ae7f43"}
,"/home/labber/scheduler/src/components/Appointment/Status.js": {"path":"/home/labber/scheduler/src/components/Appointment/Status.js","statementMap":{"0":{"start":{"line":4,"column":2},"end":{"line":13,"column":4}}},"fnMap":{"0":{"name":"Status","decl":{"start":{"line":3,"column":24},"end":{"line":3,"column":30}},"loc":{"start":{"line":3,"column":38},"end":{"line":14,"column":1}},"line":3}},"branchMap":{},"s":{"0":2},"f":{"0":2},"b":{},"_coverageSchema":"43e27e138ebf9cfc5966b082cf9a028302ed4184","hash":"3be1308487a408b514f82fbedab56075eef87cc9"}
,"/home/labber/scheduler/src/components/Appointment/index.js": {"path":"/home/labber/scheduler/src/components/Appointment/index.js","statementMap":{"0":{"start":{"line":14,"column":14},"end":{"line":14,"column":21}},"1":{"start":{"line":15,"column":13},"end":{"line":15,"column":19}},"2":{"start":{"line":16,"column":15},"end":{"line":16,"column":23}},"3":{"start":{"line":17,"column":13},"end":{"line":17,"column":19}},"4":{"start":{"line":18,"column":15},"end":{"line":18,"column":23}},"5":{"start":{"line":19,"column":17},"end":{"line":19,"column":27}},"6":{"start":{"line":20,"column":16},"end":{"line":20,"column":25}},"7":{"start":{"line":21,"column":19},"end":{"line":21,"column":31}},"8":{"start":{"line":22,"column":21},"end":{"line":22,"column":35}},"9":{"start":{"line":27,"column":37},"end":{"line":29,"column":3}},"10":{"start":{"line":32,"column":22},"end":{"line":35,"column":5}},"11":{"start":{"line":37,"column":4},"end":{"line":37,"column":23}},"12":{"start":{"line":39,"column":4},"end":{"line":42,"column":52}},"13":{"start":{"line":41,"column":18},"end":{"line":41,"column":34}},"14":{"start":{"line":42,"column":22},"end":{"line":42,"column":50}},"15":{"start":{"line":46,"column":4},"end":{"line":46,"column":31}},"16":{"start":{"line":47,"column":4},"end":{"line":50,"column":54}},"17":{"start":{"line":49,"column":18},"end":{"line":49,"column":35}},"18":{"start":{"line":50,"column":22},"end":{"line":50,"column":52}},"19":{"start":{"line":53,"column":2},"end":{"line":90,"column":4}},"20":{"start":{"line":56,"column":45},"end":{"line":56,"column":63}},"21":{"start":{"line":61,"column":26},"end":{"line":61,"column":45}},"22":{"start":{"line":62,"column":24},"end":{"line":62,"column":40}}},"fnMap":{"0":{"name":"Appointment","decl":{"start":{"line":25,"column":24},"end":{"line":25,"column":35}},"loc":{"start":{"line":25,"column":43},"end":{"line":91,"column":1}},"line":25},"1":{"name":"save","decl":{"start":{"line":31,"column":11},"end":{"line":31,"column":15}},"loc":{"start":{"line":31,"column":35},"end":{"line":43,"column":3}},"line":31},"2":{"name":"(anonymous_2)","decl":{"start":{"line":41,"column":12},"end":{"line":41,"column":13}},"loc":{"start":{"line":41,"column":18},"end":{"line":41,"column":34}},"line":41},"3":{"name":"(anonymous_3)","decl":{"start":{"line":42,"column":13},"end":{"line":42,"column":14}},"loc":{"start":{"line":42,"column":22},"end":{"line":42,"column":50}},"line":42},"4":{"name":"destroy","decl":{"start":{"line":45,"column":11},"end":{"line":45,"column":18}},"loc":{"start":{"line":45,"column":21},"end":{"line":51,"column":3}},"line":45},"5":{"name":"(anonymous_5)","decl":{"start":{"line":49,"column":12},"end":{"line":49,"column":13}},"loc":{"start":{"line":49,"column":18},"end":{"line":49,"column":35}},"line":49},"6":{"name":"(anonymous_6)","decl":{"start":{"line":50,"column":13},"end":{"line":50,"column":14}},"loc":{"start":{"line":50,"column":22},"end":{"line":50,"column":52}},"line":50},"7":{"name":"(anonymous_7)","decl":{"start":{"line":56,"column":39},"end":{"line":56,"column":40}},"loc":{"start":{"line":56,"column":45},"end":{"line":56,"column":63}},"line":56},"8":{"name":"(anonymous_8)","decl":{"start":{"line":61,"column":20},"end":{"line":61,"column":21}},"loc":{"start":{"line":61,"column":26},"end":{"line":61,"column":45}},"line":61},"9":{"name":"(anonymous_9)","decl":{"start":{"line":62,"column":18},"end":{"line":62,"column":19}},"loc":{"start":{"line":62,"column":24},"end":{"line":62,"column":40}},"line":62}},"branchMap":{"0":{"loc":{"start":{"line":28,"column":4},"end":{"line":28,"column":34}},"type":"cond-expr","locations":[{"start":{"line":28,"column":22},"end":{"line":28,"column":26}},{"start":{"line":28,"column":29},"end":{"line":28,"column":34}}],"line":28},"1":{"loc":{"start":{"line":56,"column":7},"end":{"line":56,"column":67}},"type":"binary-expr","locations":[{"start":{"line":56,"column":7},"end":{"line":56,"column":21}},{"start":{"line":56,"column":25},"end":{"line":56,"column":67}}],"line":56},"2":{"loc":{"start":{"line":57,"column":7},"end":{"line":64,"column":7}},"type":"binary-expr","locations":[{"start":{"line":57,"column":7},"end":{"line":57,"column":20}},{"start":{"line":58,"column":8},"end":{"line":63,"column":10}}],"line":57},"3":{"loc":{"start":{"line":65,"column":7},"end":{"line":67,"column":7}},"type":"binary-expr","locations":[{"start":{"line":65,"column":7},"end":{"line":65,"column":22}},{"start":{"line":66,"column":8},"end":{"line":66,"column":80}}],"line":65},"4":{"loc":{"start":{"line":68,"column":7},"end":{"line":74,"column":7}},"type":"binary-expr","locations":[{"start":{"line":68,"column":7},"end":{"line":68,"column":20}},{"start":{"line":69,"column":8},"end":{"line":73,"column":26}}],"line":68},"5":{"loc":{"start":{"line":75,"column":7},"end":{"line":75,"column":53}},"type":"binary-expr","locations":[{"start":{"line":75,"column":7},"end":{"line":75,"column":22}},{"start":{"line":75,"column":26},"end":{"line":75,"column":53}}],"line":75},"6":{"loc":{"start":{"line":76,"column":7},"end":{"line":76,"column":57}},"type":"binary-expr","locations":[{"start":{"line":76,"column":7},"end":{"line":76,"column":24}},{"start":{"line":76,"column":28},"end":{"line":76,"column":57}}],"line":76},"7":{"loc":{"start":{"line":77,"column":7},"end":{"line":82,"column":7}},"type":"binary-expr","locations":[{"start":{"line":77,"column":7},"end":{"line":77,"column":23}},{"start":{"line":77,"column":28},"end":{"line":81,"column":8}}],"line":77},"8":{"loc":{"start":{"line":83,"column":7},"end":{"line":85,"column":7}},"type":"binary-expr","locations":[{"start":{"line":83,"column":7},"end":{"line":83,"column":26}},{"start":{"line":84,"column":8},"end":{"line":84,"column":70}}],"line":83},"9":{"loc":{"start":{"line":86,"column":7},"end":{"line":88,"column":7}},"type":"binary-expr","locations":[{"start":{"line":86,"column":7},"end":{"line":86,"column":28}},{"start":{"line":87,"column":8},"end":{"line":87,"column":72}}],"line":86}},"s":{"0":2,"1":2,"2":2,"3":2,"4":2,"5":2,"6":2,"7":2,"8":2,"9":25,"10":1,"11":1,"12":1,"13":1,"14":0,"15":0,"16":0,"17":0,"18":0,"19":25,"20":1,"21":0,"22":0},"f":{"0":25,"1":1,"2":1,"3":0,"4":0,"5":0,"6":0,"7":1,"8":0,"9":0},"b":{"0":[8,17],"1":[25,15],"2":[25,7],"3":[25,1],"4":[25,0],"5":[25,2],"6":[25,0],"7":[25,0],"8":[25,0],"9":[25,0]},"_coverageSchema":"43e27e138ebf9cfc5966b082cf9a028302ed4184","hash":"0349af6a366401600eff5c76d2dcd968f6fb9b1f"}
,"/home/labber/scheduler/src/helpers/selectors.js": {"path":"/home/labber/scheduler/src/helpers/selectors.js","statementMap":{"0":{"start":{"line":2,"column":16},"end":{"line":2,"column":52}},"1":{"start":{"line":2,"column":37},"end":{"line":2,"column":51}},"2":{"start":{"line":4,"column":2},"end":{"line":4,"column":64}},"3":{"start":{"line":4,"column":54},"end":{"line":4,"column":64}},"4":{"start":{"line":6,"column":2},"end":{"line":6,"column":62}},"5":{"start":{"line":6,"column":38},"end":{"line":6,"column":60}},"6":{"start":{"line":10,"column":16},"end":{"line":10,"column":52}},"7":{"start":{"line":10,"column":37},"end":{"line":10,"column":51}},"8":{"start":{"line":12,"column":2},"end":{"line":12,"column":64}},"9":{"start":{"line":12,"column":54},"end":{"line":12,"column":64}},"10":{"start":{"line":14,"column":2},"end":{"line":14,"column":62}},"11":{"start":{"line":14,"column":38},"end":{"line":14,"column":60}},"12":{"start":{"line":18,"column":2},"end":{"line":23,"column":4}}},"fnMap":{"0":{"name":"getAppointmentsForDay","decl":{"start":{"line":1,"column":16},"end":{"line":1,"column":37}},"loc":{"start":{"line":1,"column":50},"end":{"line":7,"column":1}},"line":1},"1":{"name":"(anonymous_1)","decl":{"start":{"line":2,"column":32},"end":{"line":2,"column":33}},"loc":{"start":{"line":2,"column":37},"end":{"line":2,"column":51}},"line":2},"2":{"name":"(anonymous_2)","decl":{"start":{"line":6,"column":32},"end":{"line":6,"column":33}},"loc":{"start":{"line":6,"column":38},"end":{"line":6,"column":60}},"line":6},"3":{"name":"getInterviewersForDay","decl":{"start":{"line":9,"column":16},"end":{"line":9,"column":37}},"loc":{"start":{"line":9,"column":50},"end":{"line":15,"column":1}},"line":9},"4":{"name":"(anonymous_4)","decl":{"start":{"line":10,"column":32},"end":{"line":10,"column":33}},"loc":{"start":{"line":10,"column":37},"end":{"line":10,"column":51}},"line":10},"5":{"name":"(anonymous_5)","decl":{"start":{"line":14,"column":32},"end":{"line":14,"column":33}},"loc":{"start":{"line":14,"column":38},"end":{"line":14,"column":60}},"line":14},"6":{"name":"getInterview","decl":{"start":{"line":17,"column":16},"end":{"line":17,"column":28}},"loc":{"start":{"line":17,"column":47},"end":{"line":24,"column":1}},"line":17}},"branchMap":{"0":{"loc":{"start":{"line":4,"column":2},"end":{"line":4,"column":64}},"type":"if","locations":[{"start":{"line":4,"column":2},"end":{"line":4,"column":64}},{"start":{"line":4,"column":2},"end":{"line":4,"column":64}}],"line":4},"1":{"loc":{"start":{"line":4,"column":6},"end":{"line":4,"column":52}},"type":"binary-expr","locations":[{"start":{"line":4,"column":6},"end":{"line":4,"column":29}},{"start":{"line":4,"column":33},"end":{"line":4,"column":52}}],"line":4},"2":{"loc":{"start":{"line":12,"column":2},"end":{"line":12,"column":64}},"type":"if","locations":[{"start":{"line":12,"column":2},"end":{"line":12,"column":64}},{"start":{"line":12,"column":2},"end":{"line":12,"column":64}}],"line":12},"3":{"loc":{"start":{"line":12,"column":6},"end":{"line":12,"column":52}},"type":"binary-expr","locations":[{"start":{"line":12,"column":6},"end":{"line":12,"column":29}},{"start":{"line":12,"column":33},"end":{"line":12,"column":52}}],"line":12},"4":{"loc":{"start":{"line":19,"column":4},"end":{"line":22,"column":5}},"type":"binary-expr","locations":[{"start":{"line":19,"column":4},"end":{"line":19,"column":13}},{"start":{"line":19,"column":17},"end":{"line":22,"column":5}}],"line":19}},"s":{"0":14,"1":14,"2":14,"3":5,"4":9,"5":20,"6":14,"7":14,"8":14,"9":5,"10":9,"11":18,"12":14},"f":{"0":14,"1":14,"2":20,"3":14,"4":14,"5":18,"6":14},"b":{"0":[5,9],"1":[14,10],"2":[5,9],"3":[14,10],"4":[14,8]},"_coverageSchema":"43e27e138ebf9cfc5966b082cf9a028302ed4184","hash":"ffd1ba3b56faa547e393ccfb32802dfd1e14bcca"}
,"/home/labber/scheduler/src/hooks/useApplicationData.js": {"path":"/home/labber/scheduler/src/hooks/useApplicationData.js","statementMap":{"0":{"start":{"line":14,"column":28},"end":{"line":19,"column":4}},"1":{"start":{"line":21,"column":17},"end":{"line":21,"column":56}},"2":{"start":{"line":21,"column":24},"end":{"line":21,"column":56}},"3":{"start":{"line":23,"column":2},"end":{"line":37,"column":9}},"4":{"start":{"line":24,"column":4},"end":{"line":36,"column":6}},"5":{"start":{"line":30,"column":8},"end":{"line":35,"column":10}},"6":{"start":{"line":39,"column":2},"end":{"line":39,"column":30}},"7":{"start":{"line":42,"column":4},"end":{"line":48,"column":7}},"8":{"start":{"line":43,"column":6},"end":{"line":47,"column":9}},"9":{"start":{"line":52,"column":4},"end":{"line":58,"column":7}},"10":{"start":{"line":53,"column":6},"end":{"line":57,"column":9}},"11":{"start":{"line":61,"column":2},"end":{"line":66,"column":4}}},"fnMap":{"0":{"name":"useApplicationData","decl":{"start":{"line":13,"column":24},"end":{"line":13,"column":42}},"loc":{"start":{"line":13,"column":45},"end":{"line":67,"column":1}},"line":13},"1":{"name":"(anonymous_1)","decl":{"start":{"line":21,"column":17},"end":{"line":21,"column":18}},"loc":{"start":{"line":21,"column":24},"end":{"line":21,"column":56}},"line":21},"2":{"name":"(anonymous_2)","decl":{"start":{"line":23,"column":12},"end":{"line":23,"column":13}},"loc":{"start":{"line":23,"column":18},"end":{"line":37,"column":3}},"line":23},"3":{"name":"(anonymous_3)","decl":{"start":{"line":29,"column":6},"end":{"line":29,"column":7}},"loc":{"start":{"line":30,"column":8},"end":{"line":35,"column":10}},"line":30},"4":{"name":"bookInterview","decl":{"start":{"line":41,"column":11},"end":{"line":41,"column":24}},"loc":{"start":{"line":41,"column":40},"end":{"line":49,"column":3}},"line":41},"5":{"name":"(anonymous_5)","decl":{"start":{"line":42,"column":68},"end":{"line":42,"column":69}},"loc":{"start":{"line":42,"column":74},"end":{"line":48,"column":5}},"line":42},"6":{"name":"cancelInterview","decl":{"start":{"line":51,"column":11},"end":{"line":51,"column":26}},"loc":{"start":{"line":51,"column":31},"end":{"line":59,"column":3}},"line":51},"7":{"name":"(anonymous_7)","decl":{"start":{"line":52,"column":56},"end":{"line":52,"column":57}},"loc":{"start":{"line":52,"column":62},"end":{"line":58,"column":5}},"line":52}},"branchMap":{},"s":{"0":9,"1":9,"2":2,"3":9,"4":3,"5":3,"6":9,"7":1,"8":1,"9":0,"10":0,"11":9},"f":{"0":9,"1":2,"2":3,"3":3,"4":1,"5":1,"6":0,"7":0},"b":{},"_coverageSchema":"43e27e138ebf9cfc5966b082cf9a028302ed4184","hash":"715aae6feaafe4968d10052c633b7616d617817e"}
,"/home/labber/scheduler/src/hooks/useRealtimeUpdate.js": {"path":"/home/labber/scheduler/src/hooks/useRealtimeUpdate.js","statementMap":{"0":{"start":{"line":5,"column":2},"end":{"line":19,"column":17}},"1":{"start":{"line":6,"column":19},"end":{"line":6,"column":69}},"2":{"start":{"line":8,"column":4},"end":{"line":14,"column":6}},"3":{"start":{"line":9,"column":19},"end":{"line":9,"column":41}},"4":{"start":{"line":11,"column":6},"end":{"line":13,"column":7}},"5":{"start":{"line":12,"column":8},"end":{"line":12,"column":23}},"6":{"start":{"line":16,"column":4},"end":{"line":18,"column":6}},"7":{"start":{"line":17,"column":6},"end":{"line":17,"column":21}}},"fnMap":{"0":{"name":"useRealtimeUpdate","decl":{"start":{"line":4,"column":24},"end":{"line":4,"column":41}},"loc":{"start":{"line":4,"column":52},"end":{"line":20,"column":1}},"line":4},"1":{"name":"(anonymous_1)","decl":{"start":{"line":5,"column":12},"end":{"line":5,"column":13}},"loc":{"start":{"line":5,"column":18},"end":{"line":19,"column":3}},"line":5},"2":{"name":"(anonymous_2)","decl":{"start":{"line":8,"column":23},"end":{"line":8,"column":24}},"loc":{"start":{"line":8,"column":32},"end":{"line":14,"column":5}},"line":8},"3":{"name":"(anonymous_3)","decl":{"start":{"line":16,"column":11},"end":{"line":16,"column":12}},"loc":{"start":{"line":16,"column":17},"end":{"line":18,"column":5}},"line":16}},"branchMap":{"0":{"loc":{"start":{"line":11,"column":6},"end":{"line":13,"column":7}},"type":"if","locations":[{"start":{"line":11,"column":6},"end":{"line":13,"column":7}},{"start":{"line":11,"column":6},"end":{"line":13,"column":7}}],"line":11},"1":{"loc":{"start":{"line":11,"column":10},"end":{"line":11,"column":65}},"type":"binary-expr","locations":[{"start":{"line":11,"column":10},"end":{"line":11,"column":34}},{"start":{"line":11,"column":38},"end":{"line":11,"column":65}}],"line":11}},"s":{"0":9,"1":3,"2":3,"3":0,"4":0,"5":0,"6":3,"7":3},"f":{"0":9,"1":3,"2":0,"3":3},"b":{"0":[0,0],"1":[0,0]},"_coverageSchema":"43e27e138ebf9cfc5966b082cf9a028302ed4184","hash":"891576e6fc9db7339eda6f85230f2bccfd0a03cc"}
,"/home/labber/scheduler/src/hooks/useVisualMode.js": {"path":"/home/labber/scheduler/src/hooks/useVisualMode.js","statementMap":{"0":{"start":{"line":6,"column":32},"end":{"line":6,"column":51}},"1":{"start":{"line":10,"column":4},"end":{"line":16,"column":7}},"2":{"start":{"line":11,"column":6},"end":{"line":15,"column":7}},"3":{"start":{"line":12,"column":8},"end":{"line":12,"column":59}},"4":{"start":{"line":14,"column":8},"end":{"line":14,"column":33}},"5":{"start":{"line":26,"column":15},"end":{"line":30,"column":3}},"6":{"start":{"line":27,"column":4},"end":{"line":29,"column":6}},"7":{"start":{"line":28,"column":6},"end":{"line":28,"column":68}},"8":{"start":{"line":31,"column":2},"end":{"line":31,"column":65}}},"fnMap":{"0":{"name":"useVisualMode","decl":{"start":{"line":4,"column":16},"end":{"line":4,"column":29}},"loc":{"start":{"line":4,"column":39},"end":{"line":32,"column":1}},"line":4},"1":{"name":"transition","decl":{"start":{"line":9,"column":11},"end":{"line":9,"column":21}},"loc":{"start":{"line":9,"column":48},"end":{"line":17,"column":3}},"line":9},"2":{"name":"(anonymous_2)","decl":{"start":{"line":10,"column":15},"end":{"line":10,"column":16}},"loc":{"start":{"line":10,"column":25},"end":{"line":16,"column":5}},"line":10},"3":{"name":"(anonymous_3)","decl":{"start":{"line":26,"column":15},"end":{"line":26,"column":16}},"loc":{"start":{"line":26,"column":21},"end":{"line":30,"column":3}},"line":26},"4":{"name":"(anonymous_4)","decl":{"start":{"line":27,"column":15},"end":{"line":27,"column":16}},"loc":{"start":{"line":28,"column":6},"end":{"line":28,"column":68}},"line":28}},"branchMap":{"0":{"loc":{"start":{"line":9,"column":31},"end":{"line":9,"column":46}},"type":"default-arg","locations":[{"start":{"line":9,"column":41},"end":{"line":9,"column":46}}],"line":9},"1":{"loc":{"start":{"line":11,"column":6},"end":{"line":15,"column":7}},"type":"if","locations":[{"start":{"line":11,"column":6},"end":{"line":15,"column":7}},{"start":{"line":11,"column":6},"end":{"line":15,"column":7}}],"line":11},"2":{"loc":{"start":{"line":28,"column":6},"end":{"line":28,"column":68}},"type":"cond-expr","locations":[{"start":{"line":28,"column":26},"end":{"line":28,"column":30}},{"start":{"line":28,"column":33},"end":{"line":28,"column":68}}],"line":28}},"s":{"0":38,"1":8,"2":8,"3":1,"4":7,"5":38,"6":4,"7":4,"8":38},"f":{"0":38,"1":8,"2":8,"3":4,"4":4},"b":{"0":[7],"1":[1,7],"2":[1,3]},"_coverageSchema":"43e27e138ebf9cfc5966b082cf9a028302ed4184","hash":"9bed1b8381c66c1ef08acdd8be9372cff48c4e93"}
,"/home/labber/scheduler/src/reducers/application.js": {"path":"/home/labber/scheduler/src/reducers/application.js","statementMap":{"0":{"start":{"line":1,"column":23},"end":{"line":1,"column":32}},"1":{"start":{"line":2,"column":36},"end":{"line":2,"column":58}},"2":{"start":{"line":3,"column":29},"end":{"line":3,"column":44}},"3":{"start":{"line":6,"column":2},"end":{"line":53,"column":3}},"4":{"start":{"line":8,"column":6},"end":{"line":8,"column":43}},"5":{"start":{"line":10,"column":6},"end":{"line":15,"column":8}},"6":{"start":{"line":17,"column":26},"end":{"line":20,"column":7}},"7":{"start":{"line":22,"column":27},"end":{"line":25,"column":7}},"8":{"start":{"line":27,"column":29},"end":{"line":32,"column":9}},"9":{"start":{"line":28,"column":8},"end":{"line":32,"column":9}},"10":{"start":{"line":30,"column":26},"end":{"line":30,"column":72}},"11":{"start":{"line":34,"column":19},"end":{"line":41,"column":8}},"12":{"start":{"line":35,"column":8},"end":{"line":40,"column":16}},"13":{"start":{"line":43,"column":6},"end":{"line":47,"column":8}},"14":{"start":{"line":50,"column":6},"end":{"line":52,"column":8}}},"fnMap":{"0":{"name":"reducer","decl":{"start":{"line":5,"column":24},"end":{"line":5,"column":31}},"loc":{"start":{"line":5,"column":47},"end":{"line":54,"column":1}},"line":5},"1":{"name":"(anonymous_1)","decl":{"start":{"line":27,"column":29},"end":{"line":27,"column":30}},"loc":{"start":{"line":28,"column":8},"end":{"line":32,"column":9}},"line":28},"2":{"name":"(anonymous_2)","decl":{"start":{"line":30,"column":10},"end":{"line":30,"column":11}},"loc":{"start":{"line":30,"column":26},"end":{"line":30,"column":72}},"line":30},"3":{"name":"(anonymous_3)","decl":{"start":{"line":34,"column":34},"end":{"line":34,"column":35}},"loc":{"start":{"line":34,"column":41},"end":{"line":41,"column":7}},"line":34}},"branchMap":{"0":{"loc":{"start":{"line":6,"column":2},"end":{"line":53,"column":3}},"type":"switch","locations":[{"start":{"line":7,"column":4},"end":{"line":8,"column":43}},{"start":{"line":9,"column":4},"end":{"line":15,"column":8}},{"start":{"line":16,"column":4},"end":{"line":48,"column":5}},{"start":{"line":49,"column":4},"end":{"line":52,"column":8}}],"line":6},"1":{"loc":{"start":{"line":19,"column":19},"end":{"line":19,"column":62}},"type":"binary-expr","locations":[{"start":{"line":19,"column":19},"end":{"line":19,"column":35}},{"start":{"line":19,"column":39},"end":{"line":19,"column":62}}],"line":19},"2":{"loc":{"start":{"line":30,"column":26},"end":{"line":30,"column":72}},"type":"cond-expr","locations":[{"start":{"line":30,"column":55},"end":{"line":30,"column":64}},{"start":{"line":30,"column":67},"end":{"line":30,"column":72}}],"line":30},"3":{"loc":{"start":{"line":35,"column":15},"end":{"line":40,"column":15}},"type":"cond-expr","locations":[{"start":{"line":36,"column":12},"end":{"line":39,"column":13}},{"start":{"line":40,"column":12},"end":{"line":40,"column":15}}],"line":35}},"s":{"0":2,"1":2,"2":2,"3":7,"4":2,"5":3,"6":1,"7":1,"8":1,"9":1,"10":2,"11":1,"12":2,"13":1,"14":1},"f":{"0":7,"1":1,"2":2,"3":2},"b":{"0":[2,3,1,1],"1":[1,1],"2":[2,0],"3":[1,1]},"_coverageSchema":"43e27e138ebf9cfc5966b082cf9a028302ed4184","hash":"e8691492f4b1d60285822253f9360907336a85e9"}
}
