TN:
SF:/home/labber/scheduler/src/components/Application.js
FN:16,Application
FN:27,(anonymous_1)
FNF:2
FNH:2
FNDA:9,Application
FNDA:12,(anonymous_1)
DA:22,9
DA:24,9
DA:26,9
DA:28,12
DA:41,9
LF:5
LH:5
BRF:0
BRH:0
end_of_record
TN:
SF:/home/labber/scheduler/src/components/Button.js
FN:7,Button
FNF:1
FNH:1
FNDA:47,Button
DA:8,47
DA:13,47
LF:2
LH:2
BRF:0
BRH:0
end_of_record
TN:
SF:/home/labber/scheduler/src/components/DayList.js
FN:5,DayList
FN:6,(anonymous_1)
FNF:2
FNH:2
FNDA:9,DayList
FNDA:12,(anonymous_1)
DA:6,9
DA:7,12
DA:18,9
LF:3
LH:3
BRF:0
BRH:0
end_of_record
TN:
SF:/home/labber/scheduler/src/components/DayListItem.js
FN:6,formatSpots
FN:13,DayListItem
FN:22,(anonymous_2)
FNF:3
FNH:3
FNDA:12,formatSpots
FNDA:12,DayListItem
FNDA:2,(anonymous_2)
DA:7,12
DA:8,11
DA:10,0
DA:14,12
DA:19,12
DA:22,2
LF:6
LH:5
BRDA:7,0,0,1
BRDA:7,0,1,11
BRDA:8,1,0,11
BRDA:8,1,1,0
BRF:4
BRH:3
end_of_record
TN:
SF:/home/labber/scheduler/src/components/InterviewerList.js
FN:7,InterviewerList
FN:8,(anonymous_1)
FN:16,(anonymous_2)
FNF:3
FNH:3
FNDA:20,InterviewerList
FNDA:23,(anonymous_1)
FNDA:1,(anonymous_2)
DA:8,20
DA:9,23
DA:16,1
DA:21,20
DA:29,3
LF:5
LH:5
BRF:0
BRH:0
end_of_record
TN:
SF:/home/labber/scheduler/src/components/InterviewerListItem.js
FN:7,InterviewerItem
FNF:1
FNH:1
FNDA:23,InterviewerItem
DA:8,23
DA:12,23
LF:2
LH:2
BRDA:19,0,0,23
BRDA:19,0,1,8
BRF:2
BRH:2
end_of_record
TN:
SF:/home/labber/scheduler/src/components/Appointment/Confirm.js
FN:5,Confirm
FNF:1
FNH:0
FNDA:0,Confirm
DA:6,0
LF:1
LH:0
BRF:0
BRH:0
end_of_record
TN:
SF:/home/labber/scheduler/src/components/Appointment/Empty.js
FN:3,Empty
FNF:1
FNH:1
FNDA:15,Empty
DA:4,15
LF:1
LH:1
BRF:0
BRH:0
end_of_record
TN:
SF:/home/labber/scheduler/src/components/Appointment/Error.js
FN:3,Error
FNF:1
FNH:0
FNDA:0,Error
DA:4,0
LF:1
LH:0
BRF:0
BRH:0
end_of_record
TN:
SF:/home/labber/scheduler/src/components/Appointment/Form.js
FN:5,Form
FN:10,reset
FN:16,cancel
FN:23,validate
FN:40,(anonymous_4)
FN:47,(anonymous_5)
FNF:6
FNH:5
FNDA:21,Form
FNDA:1,reset
FNDA:1,cancel
FNDA:8,validate
FNDA:0,(anonymous_4)
FNDA:4,(anonymous_5)
DA:6,21
DA:7,21
DA:8,21
DA:11,1
DA:12,1
DA:13,1
DA:17,1
DA:18,1
DA:24,8
DA:25,2
DA:26,2
DA:28,6
DA:29,2
DA:30,2
DA:32,4
DA:33,4
DA:37,21
DA:40,0
DA:48,4
LF:19
LH:18
BRDA:6,0,0,21
BRDA:6,0,1,13
BRDA:7,1,0,21
BRDA:7,1,1,13
BRDA:24,2,0,2
BRDA:24,2,1,6
BRDA:28,3,0,2
BRDA:28,3,1,4
BRF:8
BRH:8
end_of_record
TN:
SF:/home/labber/scheduler/src/components/Appointment/Header.js
FN:3,Header
FNF:1
FNH:1
FNDA:25,Header
DA:4,25
LF:1
LH:1
BRF:0
BRH:0
end_of_record
TN:
SF:/home/labber/scheduler/src/components/Appointment/Show.js
FN:3,Show
FNF:1
FNH:1
FNDA:7,Show
DA:4,7
LF:1
LH:1
BRDA:11,0,0,7
BRDA:11,0,1,7
BRF:2
BRH:2
end_of_record
TN:
SF:/home/labber/scheduler/src/components/Appointment/Status.js
FN:3,Status
FNF:1
FNH:1
FNDA:2,Status
DA:4,2
LF:1
LH:1
BRF:0
BRH:0
end_of_record
TN:
SF:/home/labber/scheduler/src/components/Appointment/index.js
FN:25,Appointment
FN:31,save
FN:41,(anonymous_2)
FN:42,(anonymous_3)
FN:45,destroy
FN:49,(anonymous_5)
FN:50,(anonymous_6)
FN:56,(anonymous_7)
FN:61,(anonymous_8)
FN:62,(anonymous_9)
FNF:10
FNH:4
FNDA:25,Appointment
FNDA:1,save
FNDA:1,(anonymous_2)
FNDA:0,(anonymous_3)
FNDA:0,destroy
FNDA:0,(anonymous_5)
FNDA:0,(anonymous_6)
FNDA:1,(anonymous_7)
FNDA:0,(anonymous_8)
FNDA:0,(anonymous_9)
DA:14,2
DA:15,2
DA:16,2
DA:17,2
DA:18,2
DA:19,2
DA:20,2
DA:21,2
DA:22,2
DA:27,25
DA:32,1
DA:37,1
DA:39,1
DA:41,1
DA:42,0
DA:46,0
DA:47,0
DA:49,0
DA:50,0
DA:53,25
DA:56,1
DA:61,0
DA:62,0
LF:23
LH:16
BRDA:28,0,0,8
BRDA:28,0,1,17
BRDA:56,1,0,25
BRDA:56,1,1,15
BRDA:57,2,0,25
BRDA:57,2,1,7
BRDA:65,3,0,25
BRDA:65,3,1,1
BRDA:68,4,0,25
BRDA:68,4,1,0
BRDA:75,5,0,25
BRDA:75,5,1,2
BRDA:76,6,0,25
BRDA:76,6,1,0
BRDA:77,7,0,25
BRDA:77,7,1,0
BRDA:83,8,0,25
BRDA:83,8,1,0
BRDA:86,9,0,25
BRDA:86,9,1,0
BRF:20
BRH:15
end_of_record
TN:
SF:/home/labber/scheduler/src/helpers/selectors.js
FN:1,getAppointmentsForDay
FN:2,(anonymous_1)
FN:6,(anonymous_2)
FN:9,getInterviewersForDay
FN:10,(anonymous_4)
FN:14,(anonymous_5)
FN:17,getInterview
FNF:7
FNH:7
FNDA:14,getAppointmentsForDay
FNDA:14,(anonymous_1)
FNDA:20,(anonymous_2)
FNDA:14,getInterviewersForDay
FNDA:14,(anonymous_4)
FNDA:18,(anonymous_5)
FNDA:14,getInterview
DA:2,14
DA:4,14
DA:6,20
DA:10,14
DA:12,14
DA:14,18
DA:18,14
LF:7
LH:7
BRDA:4,0,0,5
BRDA:4,0,1,9
BRDA:4,1,0,14
BRDA:4,1,1,10
BRDA:12,2,0,5
BRDA:12,2,1,9
BRDA:12,3,0,14
BRDA:12,3,1,10
BRDA:19,4,0,14
BRDA:19,4,1,8
BRF:10
BRH:10
end_of_record
TN:
SF:/home/labber/scheduler/src/hooks/useApplicationData.js
FN:13,useApplicationData
FN:21,(anonymous_1)
FN:23,(anonymous_2)
FN:29,(anonymous_3)
FN:41,bookInterview
FN:42,(anonymous_5)
FN:51,cancelInterview
FN:52,(anonymous_7)
FNF:8
FNH:6
FNDA:9,useApplicationData
FNDA:2,(anonymous_1)
FNDA:3,(anonymous_2)
FNDA:3,(anonymous_3)
FNDA:1,bookInterview
FNDA:1,(anonymous_5)
FNDA:0,cancelInterview
FNDA:0,(anonymous_7)
DA:14,9
DA:21,9
DA:23,9
DA:24,3
DA:30,3
DA:39,9
DA:42,1
DA:43,1
DA:52,0
DA:53,0
DA:61,9
LF:11
LH:9
BRF:0
BRH:0
end_of_record
TN:
SF:/home/labber/scheduler/src/hooks/useRealtimeUpdate.js
FN:4,useRealtimeUpdate
FN:5,(anonymous_1)
FN:8,(anonymous_2)
FN:16,(anonymous_3)
FNF:4
FNH:3
FNDA:9,useRealtimeUpdate
FNDA:3,(anonymous_1)
FNDA:0,(anonymous_2)
FNDA:3,(anonymous_3)
DA:5,9
DA:6,3
DA:8,3
DA:9,0
DA:11,0
DA:12,0
DA:16,3
DA:17,3
LF:8
LH:5
BRDA:11,0,0,0
BRDA:11,0,1,0
BRDA:11,1,0,0
BRDA:11,1,1,0
BRF:4
BRH:0
end_of_record
TN:
SF:/home/labber/scheduler/src/hooks/useVisualMode.js
FN:4,useVisualMode
FN:9,transition
FN:10,(anonymous_2)
FN:26,(anonymous_3)
FN:27,(anonymous_4)
FNF:5
FNH:5
FNDA:38,useVisualMode
FNDA:8,transition
FNDA:8,(anonymous_2)
FNDA:4,(anonymous_3)
FNDA:4,(anonymous_4)
DA:6,38
DA:10,8
DA:11,8
DA:12,1
DA:14,7
DA:26,38
DA:27,4
DA:28,4
DA:31,38
LF:9
LH:9
BRDA:9,0,0,7
BRDA:11,1,0,1
BRDA:11,1,1,7
BRDA:28,2,0,1
BRDA:28,2,1,3
BRF:5
BRH:5
end_of_record
TN:
SF:/home/labber/scheduler/src/reducers/application.js
FN:5,reducer
FN:27,(anonymous_1)
FN:30,(anonymous_2)
FN:34,(anonymous_3)
FNF:4
FNH:4
FNDA:7,reducer
FNDA:1,(anonymous_1)
FNDA:2,(anonymous_2)
FNDA:2,(anonymous_3)
DA:1,2
DA:2,2
DA:3,2
DA:6,7
DA:8,2
DA:10,3
DA:17,1
DA:22,1
DA:27,1
DA:28,1
DA:30,2
DA:34,1
DA:35,2
DA:43,1
DA:50,1
LF:15
LH:15
BRDA:6,0,0,2
BRDA:6,0,1,3
BRDA:6,0,2,1
BRDA:6,0,3,1
BRDA:19,1,0,1
BRDA:19,1,1,1
BRDA:30,2,0,2
BRDA:30,2,1,0
BRDA:35,3,0,1
BRDA:35,3,1,1
BRF:10
BRH:9
end_of_record
